{"/private/var/www/AlgoExplorer/algorithms/graphs/algoAstar.ts": {"path":"/private/var/www/AlgoExplorer/algorithms/graphs/algoAstar.ts","statementMap":{"0":{"start":{"line":6,"column":18},"end":{"line":6,"column":26}}},"fnMap":{"0":{"name":"(anonymous_0)","decl":{"start":{"line":6,"column":18},"end":{"line":6,"column":25}},"loc":{"start":{"line":6,"column":18},"end":{"line":6,"column":26}}}},"branchMap":{},"s":{"0":0},"f":{"0":0},"b":{}}
,"/private/var/www/AlgoExplorer/algorithms/graphs/algoBellmanFord.ts": {"path":"/private/var/www/AlgoExplorer/algorithms/graphs/algoBellmanFord.ts","statementMap":{"0":{"start":{"line":24,"column":24},"end":{"line":24,"column":32}}},"fnMap":{"0":{"name":"(anonymous_0)","decl":{"start":{"line":24,"column":24},"end":{"line":24,"column":31}},"loc":{"start":{"line":24,"column":24},"end":{"line":24,"column":32}}}},"branchMap":{},"s":{"0":0},"f":{"0":0},"b":{}}
,"/private/var/www/AlgoExplorer/algorithms/graphs/algoDSU.ts": {"path":"/private/var/www/AlgoExplorer/algorithms/graphs/algoDSU.ts","statementMap":{"0":{"start":{"line":6,"column":16},"end":{"line":6,"column":24}}},"fnMap":{"0":{"name":"(anonymous_0)","decl":{"start":{"line":6,"column":16},"end":{"line":6,"column":23}},"loc":{"start":{"line":6,"column":16},"end":{"line":6,"column":24}}}},"branchMap":{},"s":{"0":0},"f":{"0":0},"b":{}}
,"/private/var/www/AlgoExplorer/algorithms/graphs/algoDijkstra.ts": {"path":"/private/var/www/AlgoExplorer/algorithms/graphs/algoDijkstra.ts","statementMap":{"0":{"start":{"line":5,"column":21},"end":{"line":5,"column":29}}},"fnMap":{"0":{"name":"(anonymous_0)","decl":{"start":{"line":5,"column":21},"end":{"line":5,"column":28}},"loc":{"start":{"line":5,"column":21},"end":{"line":5,"column":29}}}},"branchMap":{},"s":{"0":0},"f":{"0":0},"b":{}}
,"/private/var/www/AlgoExplorer/algorithms/graphs/algoFloydWarshall.ts": {"path":"/private/var/www/AlgoExplorer/algorithms/graphs/algoFloydWarshall.ts","statementMap":{"0":{"start":{"line":2,"column":26},"end":{"line":2,"column":34}}},"fnMap":{"0":{"name":"(anonymous_0)","decl":{"start":{"line":2,"column":26},"end":{"line":2,"column":33}},"loc":{"start":{"line":2,"column":26},"end":{"line":2,"column":34}}}},"branchMap":{},"s":{"0":0},"f":{"0":0},"b":{}}
,"/private/var/www/AlgoExplorer/algorithms/graphs/algoKruskals.ts": {"path":"/private/var/www/AlgoExplorer/algorithms/graphs/algoKruskals.ts","statementMap":{"0":{"start":{"line":3,"column":21},"end":{"line":3,"column":29}}},"fnMap":{"0":{"name":"(anonymous_0)","decl":{"start":{"line":3,"column":21},"end":{"line":3,"column":28}},"loc":{"start":{"line":3,"column":21},"end":{"line":3,"column":29}}}},"branchMap":{},"s":{"0":0},"f":{"0":0},"b":{}}
,"/private/var/www/AlgoExplorer/algorithms/graphs/algoPrims.ts": {"path":"/private/var/www/AlgoExplorer/algorithms/graphs/algoPrims.ts","statementMap":{"0":{"start":{"line":2,"column":18},"end":{"line":2,"column":26}}},"fnMap":{"0":{"name":"(anonymous_0)","decl":{"start":{"line":2,"column":18},"end":{"line":2,"column":25}},"loc":{"start":{"line":2,"column":18},"end":{"line":2,"column":26}}}},"branchMap":{},"s":{"0":0},"f":{"0":0},"b":{}}
,"/private/var/www/AlgoExplorer/algorithms/graphs/bfs.ts": {"path":"/private/var/www/AlgoExplorer/algorithms/graphs/bfs.ts","statementMap":{"0":{"start":{"line":3,"column":12},"end":{"line":3,"column":20}}},"fnMap":{"0":{"name":"(anonymous_0)","decl":{"start":{"line":3,"column":12},"end":{"line":3,"column":19}},"loc":{"start":{"line":3,"column":12},"end":{"line":3,"column":20}}}},"branchMap":{},"s":{"0":0},"f":{"0":0},"b":{}}
,"/private/var/www/AlgoExplorer/algorithms/graphs/dfs.ts": {"path":"/private/var/www/AlgoExplorer/algorithms/graphs/dfs.ts","statementMap":{"0":{"start":{"line":3,"column":12},"end":{"line":3,"column":20}}},"fnMap":{"0":{"name":"(anonymous_0)","decl":{"start":{"line":3,"column":12},"end":{"line":3,"column":19}},"loc":{"start":{"line":3,"column":12},"end":{"line":3,"column":20}}}},"branchMap":{},"s":{"0":0},"f":{"0":0},"b":{}}
,"/private/var/www/AlgoExplorer/algorithms/graphs/dfsAncestorsInTree.ts": {"path":"/private/var/www/AlgoExplorer/algorithms/graphs/dfsAncestorsInTree.ts","statementMap":{"0":{"start":{"line":4,"column":27},"end":{"line":4,"column":35}}},"fnMap":{"0":{"name":"(anonymous_0)","decl":{"start":{"line":4,"column":27},"end":{"line":4,"column":34}},"loc":{"start":{"line":4,"column":27},"end":{"line":4,"column":35}}}},"branchMap":{},"s":{"0":0},"f":{"0":0},"b":{}}
,"/private/var/www/AlgoExplorer/algorithms/graphs/dfsBridgeSearch.ts": {"path":"/private/var/www/AlgoExplorer/algorithms/graphs/dfsBridgeSearch.ts","statementMap":{"0":{"start":{"line":4,"column":24},"end":{"line":4,"column":32}}},"fnMap":{"0":{"name":"(anonymous_0)","decl":{"start":{"line":4,"column":24},"end":{"line":4,"column":31}},"loc":{"start":{"line":4,"column":24},"end":{"line":4,"column":32}}}},"branchMap":{},"s":{"0":0},"f":{"0":0},"b":{}}
,"/private/var/www/AlgoExplorer/algorithms/graphs/dfsCutVerticesSearch.ts": {"path":"/private/var/www/AlgoExplorer/algorithms/graphs/dfsCutVerticesSearch.ts","statementMap":{"0":{"start":{"line":4,"column":29},"end":{"line":4,"column":37}}},"fnMap":{"0":{"name":"(anonymous_0)","decl":{"start":{"line":4,"column":29},"end":{"line":4,"column":36}},"loc":{"start":{"line":4,"column":29},"end":{"line":4,"column":37}}}},"branchMap":{},"s":{"0":0},"f":{"0":0},"b":{}}
,"/private/var/www/AlgoExplorer/algorithms/graphs/dfsCycleSearch.ts": {"path":"/private/var/www/AlgoExplorer/algorithms/graphs/dfsCycleSearch.ts","statementMap":{"0":{"start":{"line":2,"column":23},"end":{"line":2,"column":31}}},"fnMap":{"0":{"name":"(anonymous_0)","decl":{"start":{"line":2,"column":23},"end":{"line":2,"column":30}},"loc":{"start":{"line":2,"column":23},"end":{"line":2,"column":31}}}},"branchMap":{},"s":{"0":0},"f":{"0":0},"b":{}}
,"/private/var/www/AlgoExplorer/algorithms/graphs/dfsTopologicalSort.ts": {"path":"/private/var/www/AlgoExplorer/algorithms/graphs/dfsTopologicalSort.ts","statementMap":{"0":{"start":{"line":4,"column":27},"end":{"line":4,"column":35}}},"fnMap":{"0":{"name":"(anonymous_0)","decl":{"start":{"line":4,"column":27},"end":{"line":4,"column":34}},"loc":{"start":{"line":4,"column":27},"end":{"line":4,"column":35}}}},"branchMap":{},"s":{"0":0},"f":{"0":0},"b":{}}
,"/private/var/www/AlgoExplorer/algorithms/sorting_and_searching/bubbleSort.ts": {"path":"/private/var/www/AlgoExplorer/algorithms/sorting_and_searching/bubbleSort.ts","statementMap":{"0":{"start":{"line":4,"column":19},"end":{"line":14,"column":1}},"1":{"start":{"line":5,"column":4},"end":{"line":11,"column":null}},"2":{"start":{"line":5,"column":17},"end":{"line":5,"column":18}},"3":{"start":{"line":6,"column":8},"end":{"line":10,"column":null}},"4":{"start":{"line":6,"column":21},"end":{"line":6,"column":22}},"5":{"start":{"line":7,"column":12},"end":{"line":9,"column":null}},"6":{"start":{"line":8,"column":16},"end":{"line":8,"column":35}},"7":{"start":{"line":13,"column":4},"end":{"line":13,"column":13}},"8":{"start":{"line":15,"column":0},"end":{"line":15,"column":72}}},"fnMap":{"0":{"name":"(anonymous_0)","decl":{"start":{"line":4,"column":19},"end":{"line":4,"column":20}},"loc":{"start":{"line":4,"column":31},"end":{"line":14,"column":1}}}},"branchMap":{"0":{"loc":{"start":{"line":7,"column":12},"end":{"line":9,"column":null}},"type":"if","locations":[{"start":{"line":7,"column":12},"end":{"line":9,"column":null}}]}},"s":{"0":0,"1":0,"2":0,"3":0,"4":0,"5":0,"6":0,"7":0,"8":0},"f":{"0":0},"b":{"0":[0]}}
,"/private/var/www/AlgoExplorer/algorithms/sorting_and_searching/countSort.ts": {"path":"/private/var/www/AlgoExplorer/algorithms/sorting_and_searching/countSort.ts","statementMap":{"0":{"start":{"line":4,"column":18},"end":{"line":26,"column":1}},"1":{"start":{"line":6,"column":2},"end":{"line":6,"column":null}},"2":{"start":{"line":7,"column":2},"end":{"line":7,"column":null}},"3":{"start":{"line":9,"column":26},"end":{"line":9,"column":28}},"4":{"start":{"line":10,"column":2},"end":{"line":12,"column":null}},"5":{"start":{"line":10,"column":15},"end":{"line":10,"column":18}},"6":{"start":{"line":11,"column":4},"end":{"line":11,"column":17}},"7":{"start":{"line":13,"column":2},"end":{"line":15,"column":null}},"8":{"start":{"line":13,"column":15},"end":{"line":13,"column":16}},"9":{"start":{"line":14,"column":4},"end":{"line":14,"column":24}},"10":{"start":{"line":16,"column":10},"end":{"line":16,"column":11}},"11":{"start":{"line":17,"column":2},"end":{"line":23,"column":null}},"12":{"start":{"line":17,"column":15},"end":{"line":17,"column":18}},"13":{"start":{"line":18,"column":4},"end":{"line":22,"column":null}},"14":{"start":{"line":19,"column":6},"end":{"line":19,"column":18}},"15":{"start":{"line":20,"column":6},"end":{"line":20,"column":10}},"16":{"start":{"line":21,"column":6},"end":{"line":21,"column":17}},"17":{"start":{"line":25,"column":2},"end":{"line":25,"column":14}},"18":{"start":{"line":34,"column":14},"end":{"line":34,"column":33}},"19":{"start":{"line":35,"column":14},"end":{"line":35,"column":16}},"20":{"start":{"line":36,"column":0},"end":{"line":38,"column":null}},"21":{"start":{"line":36,"column":13},"end":{"line":36,"column":14}},"22":{"start":{"line":37,"column":2},"end":{"line":37,"column":47}},"23":{"start":{"line":39,"column":0},"end":{"line":39,"column":28}},"24":{"start":{"line":40,"column":8},"end":{"line":40,"column":9}},"25":{"start":{"line":41,"column":0},"end":{"line":46,"column":null}},"26":{"start":{"line":41,"column":13},"end":{"line":41,"column":14}},"27":{"start":{"line":42,"column":2},"end":{"line":45,"column":null}},"28":{"start":{"line":43,"column":4},"end":{"line":43,"column":22}},"29":{"start":{"line":44,"column":4},"end":{"line":44,"column":19}},"30":{"start":{"line":48,"column":0},"end":{"line":48,"column":28}},"31":{"start":{"line":50,"column":0},"end":{"line":50,"column":65}}},"fnMap":{"0":{"name":"(anonymous_0)","decl":{"start":{"line":4,"column":18},"end":{"line":4,"column":null}},"loc":{"start":{"line":7,"column":27},"end":{"line":26,"column":1}}}},"branchMap":{"0":{"loc":{"start":{"line":6,"column":2},"end":{"line":6,"column":null}},"type":"if","locations":[{"start":{"line":6,"column":2},"end":{"line":6,"column":null}}]},"1":{"loc":{"start":{"line":7,"column":2},"end":{"line":7,"column":null}},"type":"if","locations":[{"start":{"line":7,"column":2},"end":{"line":7,"column":null}}]},"2":{"loc":{"start":{"line":37,"column":21},"end":{"line":37,"column":41}},"type":"cond-expr","locations":[{"start":{"line":37,"column":36},"end":{"line":37,"column":40}},{"start":{"line":37,"column":40},"end":{"line":37,"column":41}}]},"3":{"loc":{"start":{"line":37,"column":21},"end":{"line":37,"column":40}},"type":"binary-expr","locations":[{"start":{"line":37,"column":21},"end":{"line":37,"column":40}},{"start":{"line":37,"column":36},"end":{"line":37,"column":40}}]},"4":{"loc":{"start":{"line":42,"column":9},"end":{"line":42,"column":47}},"type":"binary-expr","locations":[{"start":{"line":42,"column":9},"end":{"line":42,"column":24}},{"start":{"line":42,"column":28},"end":{"line":42,"column":47}}]}},"s":{"0":0,"1":0,"2":0,"3":0,"4":0,"5":0,"6":0,"7":0,"8":0,"9":0,"10":0,"11":0,"12":0,"13":0,"14":0,"15":0,"16":0,"17":0,"18":0,"19":0,"20":0,"21":0,"22":0,"23":0,"24":0,"25":0,"26":0,"27":0,"28":0,"29":0,"30":0,"31":0},"f":{"0":0},"b":{"0":[0],"1":[0],"2":[0,0],"3":[0,0],"4":[0,0]}}
,"/private/var/www/AlgoExplorer/algorithms/sorting_and_searching/insertionSort.ts": {"path":"/private/var/www/AlgoExplorer/algorithms/sorting_and_searching/insertionSort.ts","statementMap":{"0":{"start":{"line":3,"column":22},"end":{"line":12,"column":1}},"1":{"start":{"line":4,"column":4},"end":{"line":10,"column":null}},"2":{"start":{"line":4,"column":17},"end":{"line":4,"column":18}},"3":{"start":{"line":5,"column":8},"end":{"line":9,"column":null}},"4":{"start":{"line":5,"column":21},"end":{"line":5,"column":22}},"5":{"start":{"line":6,"column":12},"end":{"line":8,"column":null}},"6":{"start":{"line":7,"column":16},"end":{"line":7,"column":35}},"7":{"start":{"line":11,"column":4},"end":{"line":11,"column":13}},"8":{"start":{"line":14,"column":0},"end":{"line":14,"column":78}}},"fnMap":{"0":{"name":"(anonymous_0)","decl":{"start":{"line":3,"column":22},"end":{"line":3,"column":23}},"loc":{"start":{"line":3,"column":34},"end":{"line":12,"column":1}}}},"branchMap":{"0":{"loc":{"start":{"line":6,"column":12},"end":{"line":8,"column":null}},"type":"if","locations":[{"start":{"line":6,"column":12},"end":{"line":8,"column":null}}]}},"s":{"0":0,"1":0,"2":0,"3":0,"4":0,"5":0,"6":0,"7":0,"8":0},"f":{"0":0},"b":{"0":[0]}}
,"/private/var/www/AlgoExplorer/algorithms/sorting_and_searching/mergeSort.ts": {"path":"/private/var/www/AlgoExplorer/algorithms/sorting_and_searching/mergeSort.ts","statementMap":{"0":{"start":{"line":4,"column":18},"end":{"line":13,"column":1}},"1":{"start":{"line":5,"column":4},"end":{"line":5,"column":38}},"2":{"start":{"line":5,"column":26},"end":{"line":5,"column":38}},"3":{"start":{"line":7,"column":24},"end":{"line":7,"column":51}},"4":{"start":{"line":9,"column":27},"end":{"line":9,"column":56}},"5":{"start":{"line":10,"column":28},"end":{"line":10,"column":54}},"6":{"start":{"line":12,"column":4},"end":{"line":12,"column":30}},"7":{"start":{"line":15,"column":14},"end":{"line":24,"column":1}},"8":{"start":{"line":16,"column":32},"end":{"line":16,"column":34}},"9":{"start":{"line":17,"column":4},"end":{"line":21,"column":null}},"10":{"start":{"line":18,"column":8},"end":{"line":20,"column":27}},"11":{"start":{"line":23,"column":4},"end":{"line":23,"column":45}},"12":{"start":{"line":26,"column":0},"end":{"line":26,"column":77}}},"fnMap":{"0":{"name":"(anonymous_1)","decl":{"start":{"line":4,"column":18},"end":{"line":4,"column":19}},"loc":{"start":{"line":4,"column":33},"end":{"line":13,"column":1}}},"1":{"name":"(anonymous_2)","decl":{"start":{"line":15,"column":14},"end":{"line":15,"column":15}},"loc":{"start":{"line":15,"column":46},"end":{"line":24,"column":1}}}},"branchMap":{"0":{"loc":{"start":{"line":5,"column":4},"end":{"line":5,"column":38}},"type":"if","locations":[{"start":{"line":5,"column":4},"end":{"line":5,"column":38}}]},"1":{"loc":{"start":{"line":17,"column":11},"end":{"line":17,"column":46}},"type":"binary-expr","locations":[{"start":{"line":17,"column":11},"end":{"line":17,"column":26}},{"start":{"line":17,"column":30},"end":{"line":17,"column":46}}]},"2":{"loc":{"start":{"line":18,"column":23},"end":{"line":20,"column":25}},"type":"cond-expr","locations":[{"start":{"line":19,"column":12},"end":{"line":19,"column":24}},{"start":{"line":20,"column":12},"end":{"line":20,"column":25}}]}},"s":{"0":0,"1":0,"2":0,"3":0,"4":0,"5":0,"6":0,"7":0,"8":0,"9":0,"10":0,"11":0,"12":0},"f":{"0":0,"1":0},"b":{"0":[0],"1":[0,0],"2":[0,0]}}
,"/private/var/www/AlgoExplorer/algorithms/sorting_and_searching/quickSort.ts": {"path":"/private/var/www/AlgoExplorer/algorithms/sorting_and_searching/quickSort.ts","statementMap":{"0":{"start":{"line":6,"column":18},"end":{"line":9,"column":1}},"1":{"start":{"line":7,"column":2},"end":{"line":7,"column":44}},"2":{"start":{"line":8,"column":2},"end":{"line":8,"column":14}},"3":{"start":{"line":11,"column":24},"end":{"line":45,"column":1}},"4":{"start":{"line":16,"column":2},"end":{"line":16,"column":33}},"5":{"start":{"line":16,"column":26},"end":{"line":16,"column":33}},"6":{"start":{"line":18,"column":25},"end":{"line":18,"column":33}},"7":{"start":{"line":19,"column":24},"end":{"line":19,"column":36}},"8":{"start":{"line":20,"column":25},"end":{"line":20,"column":31}},"9":{"start":{"line":22,"column":2},"end":{"line":32,"column":null}},"10":{"start":{"line":23,"column":4},"end":{"line":25,"column":null}},"11":{"start":{"line":24,"column":6},"end":{"line":24,"column":40}},"12":{"start":{"line":26,"column":4},"end":{"line":28,"column":null}},"13":{"start":{"line":27,"column":6},"end":{"line":27,"column":19}},"14":{"start":{"line":29,"column":4},"end":{"line":31,"column":null}},"15":{"start":{"line":30,"column":6},"end":{"line":30,"column":20}},"16":{"start":{"line":33,"column":2},"end":{"line":33,"column":37}},"17":{"start":{"line":35,"column":31},"end":{"line":35,"column":54}},"18":{"start":{"line":36,"column":30},"end":{"line":36,"column":53}},"19":{"start":{"line":38,"column":2},"end":{"line":44,"column":null}},"20":{"start":{"line":39,"column":4},"end":{"line":39,"column":50}},"21":{"start":{"line":40,"column":4},"end":{"line":40,"column":48}},"22":{"start":{"line":42,"column":4},"end":{"line":42,"column":48}},"23":{"start":{"line":43,"column":4},"end":{"line":43,"column":50}},"24":{"start":{"line":48,"column":36},"end":{"line":66,"column":1}},"25":{"start":{"line":49,"column":2},"end":{"line":49,"column":36}},"26":{"start":{"line":49,"column":24},"end":{"line":49,"column":36}},"27":{"start":{"line":53,"column":22},"end":{"line":53,"column":29}},"28":{"start":{"line":54,"column":28},"end":{"line":54,"column":30}},"29":{"start":{"line":55,"column":29},"end":{"line":55,"column":31}},"30":{"start":{"line":57,"column":2},"end":{"line":63,"column":null}},"31":{"start":{"line":57,"column":15},"end":{"line":57,"column":16}},"32":{"start":{"line":58,"column":4},"end":{"line":62,"column":null}},"33":{"start":{"line":59,"column":6},"end":{"line":59,"column":28}},"34":{"start":{"line":61,"column":6},"end":{"line":61,"column":29}},"35":{"start":{"line":65,"column":2},"end":{"line":65,"column":64}},"36":{"start":{"line":68,"column":0},"end":{"line":68,"column":77}}},"fnMap":{"0":{"name":"(anonymous_1)","decl":{"start":{"line":6,"column":18},"end":{"line":6,"column":19}},"loc":{"start":{"line":6,"column":33},"end":{"line":9,"column":1}}},"1":{"name":"(anonymous_2)","decl":{"start":{"line":11,"column":24},"end":{"line":11,"column":null}},"loc":{"start":{"line":14,"column":16},"end":{"line":45,"column":1}}},"2":{"name":"(anonymous_3)","decl":{"start":{"line":48,"column":36},"end":{"line":48,"column":37}},"loc":{"start":{"line":48,"column":51},"end":{"line":66,"column":1}}}},"branchMap":{"0":{"loc":{"start":{"line":16,"column":2},"end":{"line":16,"column":33}},"type":"if","locations":[{"start":{"line":16,"column":2},"end":{"line":16,"column":33}}]},"1":{"loc":{"start":{"line":23,"column":4},"end":{"line":25,"column":null}},"type":"if","locations":[{"start":{"line":23,"column":4},"end":{"line":25,"column":null}}]},"2":{"loc":{"start":{"line":23,"column":8},"end":{"line":23,"column":73}},"type":"binary-expr","locations":[{"start":{"line":23,"column":8},"end":{"line":23,"column":38}},{"start":{"line":23,"column":42},"end":{"line":23,"column":73}}]},"3":{"loc":{"start":{"line":26,"column":4},"end":{"line":28,"column":null}},"type":"if","locations":[{"start":{"line":26,"column":4},"end":{"line":28,"column":null}}]},"4":{"loc":{"start":{"line":29,"column":4},"end":{"line":31,"column":null}},"type":"if","locations":[{"start":{"line":29,"column":4},"end":{"line":31,"column":null}}]},"5":{"loc":{"start":{"line":38,"column":2},"end":{"line":44,"column":null}},"type":"if","locations":[{"start":{"line":38,"column":2},"end":{"line":44,"column":null}},{"start":{"line":41,"column":9},"end":{"line":44,"column":null}}]},"6":{"loc":{"start":{"line":49,"column":2},"end":{"line":49,"column":36}},"type":"if","locations":[{"start":{"line":49,"column":2},"end":{"line":49,"column":36}}]},"7":{"loc":{"start":{"line":58,"column":4},"end":{"line":62,"column":null}},"type":"if","locations":[{"start":{"line":58,"column":4},"end":{"line":62,"column":null}},{"start":{"line":60,"column":11},"end":{"line":62,"column":null}}]}},"s":{"0":0,"1":0,"2":0,"3":0,"4":0,"5":0,"6":0,"7":0,"8":0,"9":0,"10":0,"11":0,"12":0,"13":0,"14":0,"15":0,"16":0,"17":0,"18":0,"19":0,"20":0,"21":0,"22":0,"23":0,"24":0,"25":0,"26":0,"27":0,"28":0,"29":0,"30":0,"31":0,"32":0,"33":0,"34":0,"35":0,"36":0},"f":{"0":0,"1":0,"2":0},"b":{"0":[0],"1":[0],"2":[0,0],"3":[0],"4":[0],"5":[0,0],"6":[0],"7":[0,0]}}
,"/private/var/www/AlgoExplorer/algorithms/sorting_and_searching/selectionSort.ts": {"path":"/private/var/www/AlgoExplorer/algorithms/sorting_and_searching/selectionSort.ts","statementMap":{"0":{"start":{"line":4,"column":22},"end":{"line":16,"column":1}},"1":{"start":{"line":5,"column":4},"end":{"line":14,"column":null}},"2":{"start":{"line":5,"column":17},"end":{"line":5,"column":18}},"3":{"start":{"line":6,"column":24},"end":{"line":6,"column":25}},"4":{"start":{"line":7,"column":8},"end":{"line":11,"column":null}},"5":{"start":{"line":7,"column":21},"end":{"line":7,"column":22}},"6":{"start":{"line":8,"column":12},"end":{"line":10,"column":null}},"7":{"start":{"line":9,"column":16},"end":{"line":9,"column":22}},"8":{"start":{"line":12,"column":8},"end":{"line":12,"column":23}},"9":{"start":{"line":15,"column":4},"end":{"line":15,"column":13}},"10":{"start":{"line":17,"column":0},"end":{"line":17,"column":78}}},"fnMap":{"0":{"name":"(anonymous_0)","decl":{"start":{"line":4,"column":22},"end":{"line":4,"column":23}},"loc":{"start":{"line":4,"column":34},"end":{"line":16,"column":1}}}},"branchMap":{"0":{"loc":{"start":{"line":8,"column":12},"end":{"line":10,"column":null}},"type":"if","locations":[{"start":{"line":8,"column":12},"end":{"line":10,"column":null}}]}},"s":{"0":0,"1":0,"2":0,"3":0,"4":0,"5":0,"6":0,"7":0,"8":0,"9":0,"10":0},"f":{"0":0},"b":{"0":[0]}}
,"/private/var/www/AlgoExplorer/algorithms/sorting_and_searching/techniques/binarySearch.ts": {"path":"/private/var/www/AlgoExplorer/algorithms/sorting_and_searching/techniques/binarySearch.ts","statementMap":{"0":{"start":{"line":5,"column":21},"end":{"line":17,"column":1}},"1":{"start":{"line":6,"column":22},"end":{"line":6,"column":23}},"2":{"start":{"line":7,"column":12},"end":{"line":7,"column":32}},"3":{"start":{"line":9,"column":2},"end":{"line":14,"column":null}},"4":{"start":{"line":10,"column":22},"end":{"line":10,"column":51}},"5":{"start":{"line":11,"column":4},"end":{"line":13,"column":23}},"6":{"start":{"line":11,"column":34},"end":{"line":11,"column":45}},"7":{"start":{"line":12,"column":9},"end":{"line":13,"column":23}},"8":{"start":{"line":12,"column":38},"end":{"line":12,"column":54}},"9":{"start":{"line":13,"column":9},"end":{"line":13,"column":23}},"10":{"start":{"line":16,"column":2},"end":{"line":16,"column":12}},"11":{"start":{"line":19,"column":13},"end":{"line":19,"column":44}},"12":{"start":{"line":20,"column":0},"end":{"line":20,"column":27}},"13":{"start":{"line":20,"column":20},"end":{"line":20,"column":26}},"14":{"start":{"line":21,"column":0},"end":{"line":21,"column":59}}},"fnMap":{"0":{"name":"(anonymous_0)","decl":{"start":{"line":5,"column":21},"end":{"line":5,"column":22}},"loc":{"start":{"line":5,"column":57},"end":{"line":17,"column":1}}},"1":{"name":"(anonymous_1)","decl":{"start":{"line":20,"column":10},"end":{"line":20,"column":11}},"loc":{"start":{"line":20,"column":15},"end":{"line":20,"column":21}}}},"branchMap":{"0":{"loc":{"start":{"line":11,"column":4},"end":{"line":13,"column":23}},"type":"if","locations":[{"start":{"line":11,"column":4},"end":{"line":13,"column":23}},{"start":{"line":12,"column":9},"end":{"line":13,"column":23}}]},"1":{"loc":{"start":{"line":12,"column":9},"end":{"line":13,"column":23}},"type":"if","locations":[{"start":{"line":12,"column":9},"end":{"line":13,"column":23}},{"start":{"line":13,"column":9},"end":{"line":13,"column":23}}]}},"s":{"0":0,"1":0,"2":0,"3":0,"4":0,"5":0,"6":0,"7":0,"8":0,"9":0,"10":0,"11":0,"12":0,"13":0,"14":0},"f":{"0":0,"1":0},"b":{"0":[0,0],"1":[0,0]}}
,"/private/var/www/AlgoExplorer/algorithms/sorting_and_searching/techniques/partialSums.ts": {"path":"/private/var/www/AlgoExplorer/algorithms/sorting_and_searching/techniques/partialSums.ts","statementMap":{"0":{"start":{"line":6,"column":13},"end":{"line":6,"column":21}}},"fnMap":{"0":{"name":"(anonymous_0)","decl":{"start":{"line":6,"column":13},"end":{"line":6,"column":20}},"loc":{"start":{"line":6,"column":13},"end":{"line":6,"column":21}}}},"branchMap":{},"s":{"0":0},"f":{"0":0},"b":{}}
,"/private/var/www/AlgoExplorer/algorithms/sorting_and_searching/techniques/quickSelect.ts": {"path":"/private/var/www/AlgoExplorer/algorithms/sorting_and_searching/techniques/quickSelect.ts","statementMap":{"0":{"start":{"line":2,"column":20},"end":{"line":35,"column":1}},"1":{"start":{"line":3,"column":27},"end":{"line":3,"column":32}},"2":{"start":{"line":4,"column":25},"end":{"line":4,"column":26}},"3":{"start":{"line":5,"column":23},"end":{"line":5,"column":38}},"4":{"start":{"line":7,"column":2},"end":{"line":34,"column":null}},"5":{"start":{"line":8,"column":4},"end":{"line":11,"column":null}},"6":{"start":{"line":9,"column":6},"end":{"line":9,"column":47}},"7":{"start":{"line":10,"column":6},"end":{"line":10,"column":16}},"8":{"start":{"line":12,"column":27},"end":{"line":12,"column":35}},"9":{"start":{"line":13,"column":26},"end":{"line":13,"column":38}},"10":{"start":{"line":14,"column":27},"end":{"line":14,"column":33}},"11":{"start":{"line":16,"column":4},"end":{"line":26,"column":null}},"12":{"start":{"line":17,"column":6},"end":{"line":19,"column":null}},"13":{"start":{"line":18,"column":8},"end":{"line":18,"column":42}},"14":{"start":{"line":20,"column":6},"end":{"line":22,"column":null}},"15":{"start":{"line":21,"column":8},"end":{"line":21,"column":21}},"16":{"start":{"line":23,"column":6},"end":{"line":25,"column":null}},"17":{"start":{"line":24,"column":8},"end":{"line":24,"column":22}},"18":{"start":{"line":27,"column":4},"end":{"line":27,"column":39}},"19":{"start":{"line":28,"column":4},"end":{"line":33,"column":null}},"20":{"start":{"line":28,"column":30},"end":{"line":28,"column":52}},"21":{"start":{"line":29,"column":9},"end":{"line":33,"column":null}},"22":{"start":{"line":30,"column":6},"end":{"line":30,"column":30}},"23":{"start":{"line":32,"column":6},"end":{"line":32,"column":28}},"24":{"start":{"line":37,"column":0},"end":{"line":37,"column":73}}},"fnMap":{"0":{"name":"(anonymous_0)","decl":{"start":{"line":2,"column":20},"end":{"line":2,"column":21}},"loc":{"start":{"line":2,"column":46},"end":{"line":35,"column":1}}}},"branchMap":{"0":{"loc":{"start":{"line":8,"column":4},"end":{"line":11,"column":null}},"type":"if","locations":[{"start":{"line":8,"column":4},"end":{"line":11,"column":null}}]},"1":{"loc":{"start":{"line":17,"column":6},"end":{"line":19,"column":null}},"type":"if","locations":[{"start":{"line":17,"column":6},"end":{"line":19,"column":null}}]},"2":{"loc":{"start":{"line":17,"column":10},"end":{"line":17,"column":75}},"type":"binary-expr","locations":[{"start":{"line":17,"column":10},"end":{"line":17,"column":40}},{"start":{"line":17,"column":44},"end":{"line":17,"column":75}}]},"3":{"loc":{"start":{"line":20,"column":6},"end":{"line":22,"column":null}},"type":"if","locations":[{"start":{"line":20,"column":6},"end":{"line":22,"column":null}}]},"4":{"loc":{"start":{"line":23,"column":6},"end":{"line":25,"column":null}},"type":"if","locations":[{"start":{"line":23,"column":6},"end":{"line":25,"column":null}}]},"5":{"loc":{"start":{"line":28,"column":4},"end":{"line":33,"column":null}},"type":"if","locations":[{"start":{"line":28,"column":4},"end":{"line":33,"column":null}},{"start":{"line":29,"column":9},"end":{"line":33,"column":null}}]},"6":{"loc":{"start":{"line":29,"column":9},"end":{"line":33,"column":null}},"type":"if","locations":[{"start":{"line":29,"column":9},"end":{"line":33,"column":null}},{"start":{"line":31,"column":11},"end":{"line":33,"column":null}}]}},"s":{"0":0,"1":0,"2":0,"3":0,"4":0,"5":0,"6":0,"7":0,"8":0,"9":0,"10":0,"11":0,"12":0,"13":0,"14":0,"15":0,"16":0,"17":0,"18":0,"19":0,"20":0,"21":0,"22":0,"23":0,"24":0},"f":{"0":0},"b":{"0":[0],"1":[0],"2":[0,0],"3":[0],"4":[0],"5":[0,0],"6":[0,0]}}
,"/private/var/www/AlgoExplorer/algorithms/sorting_and_searching/techniques/slidingWindow.ts": {"path":"/private/var/www/AlgoExplorer/algorithms/sorting_and_searching/techniques/slidingWindow.ts","statementMap":{"0":{"start":{"line":19,"column":23},"end":{"line":19,"column":24}},"1":{"start":{"line":20,"column":20},"end":{"line":20,"column":21}},"2":{"start":{"line":22,"column":2},"end":{"line":31,"column":null}},"3":{"start":{"line":22,"column":15},"end":{"line":22,"column":16}},"4":{"start":{"line":22,"column":22},"end":{"line":22,"column":23}},"5":{"start":{"line":23,"column":4},"end":{"line":29,"column":null}},"6":{"start":{"line":24,"column":6},"end":{"line":26,"column":null}},"7":{"start":{"line":25,"column":8},"end":{"line":25,"column":20}},"8":{"start":{"line":27,"column":6},"end":{"line":27,"column":20}},"9":{"start":{"line":28,"column":6},"end":{"line":28,"column":13}},"10":{"start":{"line":30,"column":4},"end":{"line":30,"column":18}},"11":{"start":{"line":32,"column":2},"end":{"line":34,"column":null}},"12":{"start":{"line":33,"column":4},"end":{"line":33,"column":16}},"13":{"start":{"line":36,"column":2},"end":{"line":36,"column":16}},"14":{"start":{"line":57,"column":18},"end":{"line":57,"column":20}},"15":{"start":{"line":58,"column":20},"end":{"line":58,"column":22}},"16":{"start":{"line":59,"column":20},"end":{"line":59,"column":22}},"17":{"start":{"line":60,"column":23},"end":{"line":60,"column":24}},"18":{"start":{"line":62,"column":2},"end":{"line":74,"column":null}},"19":{"start":{"line":62,"column":15},"end":{"line":62,"column":16}},"20":{"start":{"line":63,"column":4},"end":{"line":65,"column":null}},"21":{"start":{"line":64,"column":6},"end":{"line":64,"column":12}},"22":{"start":{"line":66,"column":4},"end":{"line":68,"column":null}},"23":{"start":{"line":67,"column":6},"end":{"line":67,"column":14}},"24":{"start":{"line":69,"column":4},"end":{"line":71,"column":null}},"25":{"start":{"line":70,"column":6},"end":{"line":70,"column":14}},"26":{"start":{"line":73,"column":4},"end":{"line":73,"column":50}},"27":{"start":{"line":75,"column":2},"end":{"line":75,"column":16}}},"fnMap":{"0":{"name":"numOfSubarrays","decl":{"start":{"line":18,"column":9},"end":{"line":18,"column":23}},"loc":{"start":{"line":18,"column":67},"end":{"line":37,"column":1}}},"1":{"name":"countSubarrays","decl":{"start":{"line":56,"column":9},"end":{"line":56,"column":23}},"loc":{"start":{"line":56,"column":66},"end":{"line":76,"column":1}}}},"branchMap":{"0":{"loc":{"start":{"line":23,"column":4},"end":{"line":29,"column":null}},"type":"if","locations":[{"start":{"line":23,"column":4},"end":{"line":29,"column":null}}]},"1":{"loc":{"start":{"line":24,"column":6},"end":{"line":26,"column":null}},"type":"if","locations":[{"start":{"line":24,"column":6},"end":{"line":26,"column":null}}]},"2":{"loc":{"start":{"line":32,"column":2},"end":{"line":34,"column":null}},"type":"if","locations":[{"start":{"line":32,"column":2},"end":{"line":34,"column":null}}]},"3":{"loc":{"start":{"line":63,"column":4},"end":{"line":65,"column":null}},"type":"if","locations":[{"start":{"line":63,"column":4},"end":{"line":65,"column":null}}]},"4":{"loc":{"start":{"line":63,"column":8},"end":{"line":63,"column":40}},"type":"binary-expr","locations":[{"start":{"line":63,"column":8},"end":{"line":63,"column":22}},{"start":{"line":63,"column":26},"end":{"line":63,"column":40}}]},"5":{"loc":{"start":{"line":66,"column":4},"end":{"line":68,"column":null}},"type":"if","locations":[{"start":{"line":66,"column":4},"end":{"line":68,"column":null}}]},"6":{"loc":{"start":{"line":69,"column":4},"end":{"line":71,"column":null}},"type":"if","locations":[{"start":{"line":69,"column":4},"end":{"line":71,"column":null}}]}},"s":{"0":0,"1":0,"2":0,"3":0,"4":0,"5":0,"6":0,"7":0,"8":0,"9":0,"10":0,"11":0,"12":0,"13":0,"14":0,"15":0,"16":0,"17":0,"18":0,"19":0,"20":0,"21":0,"22":0,"23":0,"24":0,"25":0,"26":0,"27":0},"f":{"0":0,"1":0},"b":{"0":[0],"1":[0],"2":[0],"3":[0],"4":[0,0],"5":[0],"6":[0]}}
,"/private/var/www/AlgoExplorer/algorithms/sorting_and_searching/techniques/twoPointers.ts": {"path":"/private/var/www/AlgoExplorer/algorithms/sorting_and_searching/techniques/twoPointers.ts","statementMap":{"0":{"start":{"line":4,"column":0},"end":{"line":4,"column":null}},"1":{"start":{"line":8,"column":4},"end":{"line":8,"column":43}},"2":{"start":{"line":9,"column":4},"end":{"line":9,"column":49}},"3":{"start":{"line":11,"column":0},"end":{"line":11,"column":null}},"4":{"start":{"line":14,"column":21},"end":{"line":14,"column":25}},"5":{"start":{"line":15,"column":2},"end":{"line":18,"column":null}},"6":{"start":{"line":16,"column":4},"end":{"line":16,"column":26}},"7":{"start":{"line":17,"column":4},"end":{"line":17,"column":17}},"8":{"start":{"line":20,"column":2},"end":{"line":20,"column":12}}},"fnMap":{"0":{"name":"(anonymous_0)","decl":{"start":{"line":4,"column":0},"end":{"line":4,"column":null}},"loc":{"start":{"line":4,"column":0},"end":{"line":11,"column":null}}},"1":{"name":"ListNode","decl":{"start":{"line":7,"column":2},"end":{"line":7,"column":14}},"loc":{"start":{"line":7,"column":50},"end":{"line":10,"column":3}}},"2":{"name":"middleNode","decl":{"start":{"line":13,"column":9},"end":{"line":13,"column":19}},"loc":{"start":{"line":13,"column":41},"end":{"line":21,"column":1}}}},"branchMap":{"0":{"loc":{"start":{"line":8,"column":15},"end":{"line":8,"column":42}},"type":"cond-expr","locations":[{"start":{"line":8,"column":35},"end":{"line":8,"column":36}},{"start":{"line":8,"column":39},"end":{"line":8,"column":42}}]},"1":{"loc":{"start":{"line":9,"column":16},"end":{"line":9,"column":48}},"type":"cond-expr","locations":[{"start":{"line":9,"column":37},"end":{"line":9,"column":41}},{"start":{"line":9,"column":44},"end":{"line":9,"column":48}}]},"2":{"loc":{"start":{"line":15,"column":9},"end":{"line":15,"column":19}},"type":"cond-expr","locations":[{"start":{"line":15,"column":13},"end":{"line":15,"column":15}},{"start":{"line":15,"column":9},"end":{"line":15,"column":19}}]},"3":{"loc":{"start":{"line":15,"column":9},"end":{"line":15,"column":15}},"type":"binary-expr","locations":[{"start":{"line":15,"column":9},"end":{"line":15,"column":15}},{"start":{"line":15,"column":9},"end":{"line":15,"column":15}}]}},"s":{"0":0,"1":0,"2":0,"3":0,"4":0,"5":0,"6":0,"7":0,"8":0},"f":{"0":0,"1":0,"2":0},"b":{"0":[0,0],"1":[0,0],"2":[0,0],"3":[0,0]}}
,"/private/var/www/AlgoExplorer/algorithms/trees/traverseInOrder.ts": {"path":"/private/var/www/AlgoExplorer/algorithms/trees/traverseInOrder.ts","statementMap":{"0":{"start":{"line":5,"column":21},"end":{"line":15,"column":3}},"1":{"start":{"line":7,"column":4},"end":{"line":7,"column":null}},"2":{"start":{"line":9,"column":4},"end":{"line":13,"column":null}},"3":{"start":{"line":10,"column":6},"end":{"line":10,"column":48}},"4":{"start":{"line":11,"column":6},"end":{"line":11,"column":27}},"5":{"start":{"line":12,"column":6},"end":{"line":12,"column":50}},"6":{"start":{"line":14,"column":4},"end":{"line":14,"column":17}},"7":{"start":{"line":17,"column":2},"end":{"line":17,"column":26}},"8":{"start":{"line":22,"column":2},"end":{"line":22,"column":23}},"9":{"start":{"line":22,"column":13},"end":{"line":22,"column":23}},"10":{"start":{"line":24,"column":23},"end":{"line":24,"column":27}},"11":{"start":{"line":25,"column":28},"end":{"line":25,"column":30}},"12":{"start":{"line":26,"column":30},"end":{"line":26,"column":32}},"13":{"start":{"line":27,"column":2},"end":{"line":35,"column":null}},"14":{"start":{"line":28,"column":4},"end":{"line":31,"column":null}},"15":{"start":{"line":29,"column":6},"end":{"line":29,"column":23}},"16":{"start":{"line":30,"column":6},"end":{"line":30,"column":23}},"17":{"start":{"line":32,"column":27},"end":{"line":32,"column":38}},"18":{"start":{"line":33,"column":4},"end":{"line":33,"column":29}},"19":{"start":{"line":34,"column":4},"end":{"line":34,"column":22}},"20":{"start":{"line":37,"column":2},"end":{"line":37,"column":19}}},"fnMap":{"0":{"name":"inorderTraversalRecursive","decl":{"start":{"line":4,"column":9},"end":{"line":4,"column":34}},"loc":{"start":{"line":4,"column":56},"end":{"line":18,"column":1}}},"1":{"name":"(anonymous_1)","decl":{"start":{"line":5,"column":21},"end":{"line":5,"column":null}},"loc":{"start":{"line":7,"column":24},"end":{"line":15,"column":3}}},"2":{"name":"inorderTraversalIterative","decl":{"start":{"line":21,"column":9},"end":{"line":21,"column":34}},"loc":{"start":{"line":21,"column":56},"end":{"line":38,"column":1}}}},"branchMap":{"0":{"loc":{"start":{"line":7,"column":4},"end":{"line":7,"column":null}},"type":"if","locations":[{"start":{"line":7,"column":4},"end":{"line":7,"column":null}}]},"1":{"loc":{"start":{"line":9,"column":4},"end":{"line":13,"column":null}},"type":"if","locations":[{"start":{"line":9,"column":4},"end":{"line":13,"column":null}}]},"2":{"loc":{"start":{"line":10,"column":6},"end":{"line":10,"column":47}},"type":"binary-expr","locations":[{"start":{"line":10,"column":6},"end":{"line":10,"column":15}},{"start":{"line":10,"column":19},"end":{"line":10,"column":47}}]},"3":{"loc":{"start":{"line":12,"column":6},"end":{"line":12,"column":49}},"type":"binary-expr","locations":[{"start":{"line":12,"column":6},"end":{"line":12,"column":16}},{"start":{"line":12,"column":20},"end":{"line":12,"column":49}}]},"4":{"loc":{"start":{"line":22,"column":2},"end":{"line":22,"column":23}},"type":"if","locations":[{"start":{"line":22,"column":2},"end":{"line":22,"column":23}}]},"5":{"loc":{"start":{"line":27,"column":9},"end":{"line":27,"column":33}},"type":"binary-expr","locations":[{"start":{"line":27,"column":9},"end":{"line":27,"column":25}},{"start":{"line":27,"column":29},"end":{"line":27,"column":33}}]}},"s":{"0":0,"1":0,"2":0,"3":0,"4":0,"5":0,"6":0,"7":0,"8":0,"9":0,"10":0,"11":0,"12":0,"13":0,"14":0,"15":0,"16":0,"17":0,"18":0,"19":0,"20":0},"f":{"0":0,"1":0,"2":0},"b":{"0":[0],"1":[0],"2":[0,0],"3":[0,0],"4":[0],"5":[0,0]}}
,"/private/var/www/AlgoExplorer/algorithms/trees/traversePostOrder.ts": {"path":"/private/var/www/AlgoExplorer/algorithms/trees/traversePostOrder.ts","statementMap":{"0":{"start":{"line":5,"column":23},"end":{"line":13,"column":3}},"1":{"start":{"line":5,"column":43},"end":{"line":5,"column":null}},"2":{"start":{"line":6,"column":4},"end":{"line":10,"column":null}},"3":{"start":{"line":7,"column":6},"end":{"line":7,"column":52}},"4":{"start":{"line":8,"column":6},"end":{"line":8,"column":50}},"5":{"start":{"line":9,"column":6},"end":{"line":9,"column":27}},"6":{"start":{"line":12,"column":4},"end":{"line":12,"column":17}},"7":{"start":{"line":14,"column":2},"end":{"line":14,"column":28}},"8":{"start":{"line":19,"column":2},"end":{"line":19,"column":23}},"9":{"start":{"line":19,"column":13},"end":{"line":19,"column":23}},"10":{"start":{"line":21,"column":30},"end":{"line":21,"column":32}},"11":{"start":{"line":22,"column":29},"end":{"line":22,"column":35}},"12":{"start":{"line":23,"column":29},"end":{"line":23,"column":31}},"13":{"start":{"line":25,"column":2},"end":{"line":30,"column":null}},"14":{"start":{"line":26,"column":17},"end":{"line":26,"column":29}},"15":{"start":{"line":27,"column":4},"end":{"line":27,"column":41}},"16":{"start":{"line":28,"column":4},"end":{"line":28,"column":43}},"17":{"start":{"line":29,"column":4},"end":{"line":29,"column":22}},"18":{"start":{"line":32,"column":2},"end":{"line":35,"column":null}},"19":{"start":{"line":33,"column":17},"end":{"line":33,"column":29}},"20":{"start":{"line":34,"column":4},"end":{"line":34,"column":29}},"21":{"start":{"line":37,"column":2},"end":{"line":37,"column":19}}},"fnMap":{"0":{"name":"postorderTraversalRecursive","decl":{"start":{"line":4,"column":9},"end":{"line":4,"column":36}},"loc":{"start":{"line":4,"column":58},"end":{"line":15,"column":1}}},"1":{"name":"(anonymous_1)","decl":{"start":{"line":5,"column":23},"end":{"line":5,"column":24}},"loc":{"start":{"line":5,"column":63},"end":{"line":13,"column":3}}},"2":{"name":"postorderTraversalIterative","decl":{"start":{"line":18,"column":9},"end":{"line":18,"column":36}},"loc":{"start":{"line":18,"column":58},"end":{"line":38,"column":1}}}},"branchMap":{"0":{"loc":{"start":{"line":5,"column":43},"end":{"line":5,"column":null}},"type":"if","locations":[{"start":{"line":5,"column":43},"end":{"line":5,"column":null}}]},"1":{"loc":{"start":{"line":6,"column":4},"end":{"line":10,"column":null}},"type":"if","locations":[{"start":{"line":6,"column":4},"end":{"line":10,"column":null}}]},"2":{"loc":{"start":{"line":7,"column":6},"end":{"line":7,"column":51}},"type":"binary-expr","locations":[{"start":{"line":7,"column":6},"end":{"line":7,"column":16}},{"start":{"line":7,"column":20},"end":{"line":7,"column":51}}]},"3":{"loc":{"start":{"line":8,"column":6},"end":{"line":8,"column":49}},"type":"binary-expr","locations":[{"start":{"line":8,"column":6},"end":{"line":8,"column":15}},{"start":{"line":8,"column":19},"end":{"line":8,"column":49}}]},"4":{"loc":{"start":{"line":19,"column":2},"end":{"line":19,"column":23}},"type":"if","locations":[{"start":{"line":19,"column":2},"end":{"line":19,"column":23}}]},"5":{"loc":{"start":{"line":27,"column":4},"end":{"line":27,"column":40}},"type":"binary-expr","locations":[{"start":{"line":27,"column":4},"end":{"line":27,"column":14}},{"start":{"line":27,"column":18},"end":{"line":27,"column":40}}]},"6":{"loc":{"start":{"line":27,"column":4},"end":{"line":27,"column":14}},"type":"cond-expr","locations":[{"start":{"line":27,"column":8},"end":{"line":27,"column":10}},{"start":{"line":27,"column":4},"end":{"line":27,"column":14}}]},"7":{"loc":{"start":{"line":27,"column":4},"end":{"line":27,"column":10}},"type":"binary-expr","locations":[{"start":{"line":27,"column":4},"end":{"line":27,"column":10}},{"start":{"line":27,"column":4},"end":{"line":27,"column":10}}]},"8":{"loc":{"start":{"line":28,"column":4},"end":{"line":28,"column":42}},"type":"binary-expr","locations":[{"start":{"line":28,"column":4},"end":{"line":28,"column":15}},{"start":{"line":28,"column":19},"end":{"line":28,"column":42}}]},"9":{"loc":{"start":{"line":28,"column":4},"end":{"line":28,"column":15}},"type":"cond-expr","locations":[{"start":{"line":28,"column":8},"end":{"line":28,"column":10}},{"start":{"line":28,"column":4},"end":{"line":28,"column":15}}]},"10":{"loc":{"start":{"line":28,"column":4},"end":{"line":28,"column":10}},"type":"binary-expr","locations":[{"start":{"line":28,"column":4},"end":{"line":28,"column":10}},{"start":{"line":28,"column":4},"end":{"line":28,"column":10}}]}},"s":{"0":0,"1":0,"2":0,"3":0,"4":0,"5":0,"6":0,"7":0,"8":0,"9":0,"10":0,"11":0,"12":0,"13":0,"14":0,"15":0,"16":0,"17":0,"18":0,"19":0,"20":0,"21":0},"f":{"0":0,"1":0,"2":0},"b":{"0":[0],"1":[0],"2":[0,0],"3":[0,0],"4":[0],"5":[0,0],"6":[0,0],"7":[0,0],"8":[0,0],"9":[0,0],"10":[0,0]}}
,"/private/var/www/AlgoExplorer/algorithms/trees/traversePreOrder.ts": {"path":"/private/var/www/AlgoExplorer/algorithms/trees/traversePreOrder.ts","statementMap":{"0":{"start":{"line":5,"column":22},"end":{"line":13,"column":3}},"1":{"start":{"line":5,"column":42},"end":{"line":5,"column":null}},"2":{"start":{"line":6,"column":4},"end":{"line":10,"column":null}},"3":{"start":{"line":7,"column":6},"end":{"line":7,"column":27}},"4":{"start":{"line":8,"column":6},"end":{"line":8,"column":49}},"5":{"start":{"line":9,"column":6},"end":{"line":9,"column":51}},"6":{"start":{"line":12,"column":4},"end":{"line":12,"column":17}},"7":{"start":{"line":15,"column":2},"end":{"line":15,"column":27}},"8":{"start":{"line":20,"column":2},"end":{"line":20,"column":23}},"9":{"start":{"line":20,"column":13},"end":{"line":20,"column":23}},"10":{"start":{"line":22,"column":30},"end":{"line":22,"column":32}},"11":{"start":{"line":23,"column":28},"end":{"line":23,"column":34}},"12":{"start":{"line":25,"column":2},"end":{"line":32,"column":null}},"13":{"start":{"line":26,"column":17},"end":{"line":26,"column":28}},"14":{"start":{"line":28,"column":4},"end":{"line":28,"column":29}},"15":{"start":{"line":30,"column":4},"end":{"line":30,"column":41}},"16":{"start":{"line":31,"column":4},"end":{"line":31,"column":39}},"17":{"start":{"line":34,"column":2},"end":{"line":34,"column":19}}},"fnMap":{"0":{"name":"preorderTraversal","decl":{"start":{"line":4,"column":9},"end":{"line":4,"column":26}},"loc":{"start":{"line":4,"column":48},"end":{"line":16,"column":1}}},"1":{"name":"(anonymous_1)","decl":{"start":{"line":5,"column":22},"end":{"line":5,"column":23}},"loc":{"start":{"line":5,"column":62},"end":{"line":13,"column":3}}},"2":{"name":"preorderTraversalIterative","decl":{"start":{"line":19,"column":9},"end":{"line":19,"column":35}},"loc":{"start":{"line":19,"column":57},"end":{"line":35,"column":1}}}},"branchMap":{"0":{"loc":{"start":{"line":5,"column":42},"end":{"line":5,"column":null}},"type":"if","locations":[{"start":{"line":5,"column":42},"end":{"line":5,"column":null}}]},"1":{"loc":{"start":{"line":6,"column":4},"end":{"line":10,"column":null}},"type":"if","locations":[{"start":{"line":6,"column":4},"end":{"line":10,"column":null}}]},"2":{"loc":{"start":{"line":8,"column":6},"end":{"line":8,"column":48}},"type":"binary-expr","locations":[{"start":{"line":8,"column":6},"end":{"line":8,"column":15}},{"start":{"line":8,"column":19},"end":{"line":8,"column":48}}]},"3":{"loc":{"start":{"line":9,"column":6},"end":{"line":9,"column":50}},"type":"binary-expr","locations":[{"start":{"line":9,"column":6},"end":{"line":9,"column":16}},{"start":{"line":9,"column":20},"end":{"line":9,"column":50}}]},"4":{"loc":{"start":{"line":20,"column":2},"end":{"line":20,"column":23}},"type":"if","locations":[{"start":{"line":20,"column":2},"end":{"line":20,"column":23}}]},"5":{"loc":{"start":{"line":30,"column":4},"end":{"line":30,"column":40}},"type":"binary-expr","locations":[{"start":{"line":30,"column":4},"end":{"line":30,"column":14}},{"start":{"line":30,"column":18},"end":{"line":30,"column":40}}]},"6":{"loc":{"start":{"line":31,"column":4},"end":{"line":31,"column":38}},"type":"binary-expr","locations":[{"start":{"line":31,"column":4},"end":{"line":31,"column":13}},{"start":{"line":31,"column":17},"end":{"line":31,"column":38}}]}},"s":{"0":0,"1":0,"2":0,"3":0,"4":0,"5":0,"6":0,"7":0,"8":0,"9":0,"10":0,"11":0,"12":0,"13":0,"14":0,"15":0,"16":0,"17":0},"f":{"0":0,"1":0,"2":0},"b":{"0":[0],"1":[0],"2":[0,0],"3":[0,0],"4":[0],"5":[0,0],"6":[0,0]}}
,"/private/var/www/AlgoExplorer/data_structures/heap.ts": {"path":"/private/var/www/AlgoExplorer/data_structures/heap.ts","statementMap":{"0":{"start":{"line":1,"column":0},"end":{"line":1,"column":null}},"1":{"start":{"line":5,"column":14},"end":{"line":5,"column":36}},"2":{"start":{"line":5,"column":2},"end":{"line":5,"column":14}},"3":{"start":{"line":2,"column":19},"end":{"line":2,"column":39}},"4":{"start":{"line":10,"column":2},"end":{"line":10,"column":40}},"5":{"start":{"line":10,"column":23},"end":{"line":10,"column":40}},"6":{"start":{"line":12,"column":2},"end":{"line":15,"column":4}},"7":{"start":{"line":13,"column":4},"end":{"line":13,"column":26}},"8":{"start":{"line":14,"column":4},"end":{"line":14,"column":39}},"9":{"start":{"line":17,"column":2},"end":{"line":17,"column":36}},"10":{"start":{"line":17,"column":23},"end":{"line":17,"column":36}},"11":{"start":{"line":19,"column":2},"end":{"line":25,"column":4}},"12":{"start":{"line":20,"column":4},"end":{"line":20,"column":34}},"13":{"start":{"line":21,"column":26},"end":{"line":21,"column":41}},"14":{"start":{"line":22,"column":4},"end":{"line":22,"column":50}},"15":{"start":{"line":24,"column":4},"end":{"line":24,"column":25}},"16":{"start":{"line":27,"column":2},"end":{"line":42,"column":4}},"17":{"start":{"line":28,"column":18},"end":{"line":28,"column":40}},"18":{"start":{"line":29,"column":4},"end":{"line":40,"column":null}},"19":{"start":{"line":30,"column":21},"end":{"line":30,"column":36}},"20":{"start":{"line":31,"column":6},"end":{"line":38,"column":null}},"21":{"start":{"line":32,"column":8},"end":{"line":32,"column":34}},"22":{"start":{"line":33,"column":8},"end":{"line":37,"column":null}},"23":{"start":{"line":34,"column":10},"end":{"line":34,"column":30}},"24":{"start":{"line":36,"column":10},"end":{"line":36,"column":65}},"25":{"start":{"line":39,"column":6},"end":{"line":39,"column":18}},"26":{"start":{"line":41,"column":4},"end":{"line":41,"column":17}},"27":{"start":{"line":44,"column":2},"end":{"line":46,"column":4}},"28":{"start":{"line":44,"column":32},"end":{"line":44,"column":null}},"29":{"start":{"line":45,"column":4},"end":{"line":45,"column":27}},"30":{"start":{"line":49,"column":2},"end":{"line":56,"column":4}},"31":{"start":{"line":50,"column":27},"end":{"line":50,"column":61}},"32":{"start":{"line":51,"column":4},"end":{"line":53,"column":null}},"33":{"start":{"line":51,"column":26},"end":{"line":51,"column":40}},"34":{"start":{"line":52,"column":6},"end":{"line":52,"column":58}},"35":{"start":{"line":55,"column":4},"end":{"line":55,"column":17}},"36":{"start":{"line":59,"column":2},"end":{"line":66,"column":4}},"37":{"start":{"line":60,"column":28},"end":{"line":60,"column":51}},"38":{"start":{"line":61,"column":4},"end":{"line":65,"column":null}},"39":{"start":{"line":62,"column":6},"end":{"line":62,"column":30}},"40":{"start":{"line":63,"column":6},"end":{"line":63,"column":20}},"41":{"start":{"line":64,"column":6},"end":{"line":64,"column":42}},"42":{"start":{"line":69,"column":2},"end":{"line":96,"column":4}},"43":{"start":{"line":70,"column":23},"end":{"line":70,"column":41}},"44":{"start":{"line":71,"column":4},"end":{"line":95,"column":null}},"45":{"start":{"line":72,"column":34},"end":{"line":72,"column":52}},"46":{"start":{"line":73,"column":6},"end":{"line":75,"column":null}},"47":{"start":{"line":74,"column":8},"end":{"line":74,"column":27}},"48":{"start":{"line":77,"column":19},"end":{"line":77,"column":20}},"49":{"start":{"line":78,"column":6},"end":{"line":86,"column":null}},"50":{"start":{"line":79,"column":8},"end":{"line":83,"column":null}},"51":{"start":{"line":80,"column":10},"end":{"line":80,"column":36}},"52":{"start":{"line":82,"column":10},"end":{"line":82,"column":35}},"53":{"start":{"line":85,"column":8},"end":{"line":85,"column":33}},"54":{"start":{"line":88,"column":6},"end":{"line":94,"column":null}},"55":{"start":{"line":89,"column":8},"end":{"line":89,"column":47}},"56":{"start":{"line":90,"column":8},"end":{"line":90,"column":31}},"57":{"start":{"line":91,"column":8},"end":{"line":91,"column":42}},"58":{"start":{"line":93,"column":8},"end":{"line":93,"column":15}},"59":{"start":{"line":6,"column":4},"end":{"line":6,"column":33}},"60":{"start":{"line":7,"column":4},"end":{"line":7,"column":39}},"61":{"start":{"line":97,"column":0},"end":{"line":97,"column":null}},"62":{"start":{"line":99,"column":26},"end":{"line":99,"column":53}},"63":{"start":{"line":99,"column":52},"end":{"line":99,"column":58}},"64":{"start":{"line":101,"column":26},"end":{"line":101,"column":53}},"65":{"start":{"line":101,"column":52},"end":{"line":101,"column":58}},"66":{"start":{"line":103,"column":16},"end":{"line":103,"column":60}},"67":{"start":{"line":104,"column":16},"end":{"line":104,"column":60}},"68":{"start":{"line":105,"column":0},"end":{"line":105,"column":44}},"69":{"start":{"line":106,"column":0},"end":{"line":106,"column":44}}},"fnMap":{"0":{"name":"(anonymous_0)","decl":{"start":{"line":1,"column":0},"end":{"line":1,"column":null}},"loc":{"start":{"line":1,"column":0},"end":{"line":97,"column":null}}},"1":{"name":"Heap","decl":{"start":{"line":5,"column":2},"end":{"line":5,"column":14}},"loc":{"start":{"line":5,"column":46},"end":{"line":8,"column":3}}},"2":{"name":"(anonymous_2)","decl":{"start":{"line":10,"column":9},"end":{"line":10,"column":23}},"loc":{"start":{"line":10,"column":9},"end":{"line":10,"column":27}}},"3":{"name":"(anonymous_3)","decl":{"start":{"line":12,"column":8},"end":{"line":12,"column":9}},"loc":{"start":{"line":12,"column":22},"end":{"line":15,"column":3}}},"4":{"name":"(anonymous_4)","decl":{"start":{"line":17,"column":9},"end":{"line":17,"column":23}},"loc":{"start":{"line":17,"column":9},"end":{"line":17,"column":27}}},"5":{"name":"(anonymous_5)","decl":{"start":{"line":19,"column":9},"end":{"line":19,"column":null}},"loc":{"start":{"line":19,"column":9},"end":{"line":25,"column":3}}},"6":{"name":"(anonymous_6)","decl":{"start":{"line":27,"column":11},"end":{"line":27,"column":12}},"loc":{"start":{"line":27,"column":23},"end":{"line":42,"column":3}}},"7":{"name":"(anonymous_7)","decl":{"start":{"line":44,"column":9},"end":{"line":44,"column":10}},"loc":{"start":{"line":44,"column":59},"end":{"line":46,"column":3}}},"8":{"name":"(anonymous_8)","decl":{"start":{"line":49,"column":15},"end":{"line":49,"column":16}},"loc":{"start":{"line":49,"column":31},"end":{"line":56,"column":3}}},"9":{"name":"(anonymous_9)","decl":{"start":{"line":59,"column":12},"end":{"line":59,"column":13}},"loc":{"start":{"line":59,"column":22},"end":{"line":66,"column":3}}},"10":{"name":"(anonymous_10)","decl":{"start":{"line":69,"column":14},"end":{"line":69,"column":15}},"loc":{"start":{"line":69,"column":65},"end":{"line":96,"column":3}}},"11":{"name":"(anonymous_11)","decl":{"start":{"line":99,"column":26},"end":{"line":99,"column":27}},"loc":{"start":{"line":99,"column":47},"end":{"line":99,"column":53}}},"12":{"name":"(anonymous_12)","decl":{"start":{"line":101,"column":26},"end":{"line":101,"column":27}},"loc":{"start":{"line":101,"column":47},"end":{"line":101,"column":53}}}},"branchMap":{"0":{"loc":{"start":{"line":5,"column":14},"end":{"line":5,"column":36}},"type":"if","locations":[{"start":{"line":5,"column":14},"end":{"line":5,"column":36}}]},"1":{"loc":{"start":{"line":29,"column":4},"end":{"line":40,"column":null}},"type":"if","locations":[{"start":{"line":29,"column":4},"end":{"line":40,"column":null}}]},"2":{"loc":{"start":{"line":31,"column":6},"end":{"line":38,"column":null}},"type":"if","locations":[{"start":{"line":31,"column":6},"end":{"line":38,"column":null}}]},"3":{"loc":{"start":{"line":33,"column":8},"end":{"line":37,"column":null}},"type":"if","locations":[{"start":{"line":33,"column":8},"end":{"line":37,"column":null}},{"start":{"line":35,"column":15},"end":{"line":37,"column":null}}]},"4":{"loc":{"start":{"line":44,"column":32},"end":{"line":44,"column":null}},"type":"if","locations":[{"start":{"line":44,"column":32},"end":{"line":44,"column":null}}]},"5":{"loc":{"start":{"line":61,"column":11},"end":{"line":61,"column":71}},"type":"binary-expr","locations":[{"start":{"line":61,"column":11},"end":{"line":61,"column":16}},{"start":{"line":61,"column":20},"end":{"line":61,"column":71}}]},"6":{"loc":{"start":{"line":73,"column":6},"end":{"line":75,"column":null}},"type":"if","locations":[{"start":{"line":73,"column":6},"end":{"line":75,"column":null}}]},"7":{"loc":{"start":{"line":78,"column":6},"end":{"line":86,"column":null}},"type":"if","locations":[{"start":{"line":78,"column":6},"end":{"line":86,"column":null}},{"start":{"line":84,"column":13},"end":{"line":86,"column":null}}]},"8":{"loc":{"start":{"line":79,"column":8},"end":{"line":83,"column":null}},"type":"if","locations":[{"start":{"line":79,"column":8},"end":{"line":83,"column":null}},{"start":{"line":81,"column":15},"end":{"line":83,"column":null}}]},"9":{"loc":{"start":{"line":88,"column":6},"end":{"line":94,"column":null}},"type":"if","locations":[{"start":{"line":88,"column":6},"end":{"line":94,"column":null}},{"start":{"line":92,"column":13},"end":{"line":94,"column":null}}]}},"s":{"0":0,"1":0,"2":0,"3":0,"4":0,"5":0,"6":0,"7":0,"8":0,"9":0,"10":0,"11":0,"12":0,"13":0,"14":0,"15":0,"16":0,"17":0,"18":0,"19":0,"20":0,"21":0,"22":0,"23":0,"24":0,"25":0,"26":0,"27":0,"28":0,"29":0,"30":0,"31":0,"32":0,"33":0,"34":0,"35":0,"36":0,"37":0,"38":0,"39":0,"40":0,"41":0,"42":0,"43":0,"44":0,"45":0,"46":0,"47":0,"48":0,"49":0,"50":0,"51":0,"52":0,"53":0,"54":0,"55":0,"56":0,"57":0,"58":0,"59":0,"60":0,"61":0,"62":0,"63":0,"64":0,"65":0,"66":0,"67":0,"68":0,"69":0},"f":{"0":0,"1":0,"2":0,"3":0,"4":0,"5":0,"6":0,"7":0,"8":0,"9":0,"10":0,"11":0,"12":0},"b":{"0":[0],"1":[0],"2":[0],"3":[0,0],"4":[0],"5":[0,0],"6":[0],"7":[0,0],"8":[0,0],"9":[0,0]}}
,"/private/var/www/AlgoExplorer/data_structures/treeNode.ts": {"path":"/private/var/www/AlgoExplorer/data_structures/treeNode.ts","statementMap":{"0":{"start":{"line":1,"column":0},"end":{"line":1,"column":13}},"1":{"start":{"line":6,"column":4},"end":{"line":6,"column":42}},"2":{"start":{"line":7,"column":4},"end":{"line":7,"column":48}},"3":{"start":{"line":8,"column":4},"end":{"line":8,"column":51}},"4":{"start":{"line":10,"column":0},"end":{"line":10,"column":null}},"5":{"start":{"line":1,"column":13},"end":{"line":1,"column":21}}},"fnMap":{"0":{"name":"(anonymous_0)","decl":{"start":{"line":1,"column":0},"end":{"line":1,"column":13}},"loc":{"start":{"line":1,"column":0},"end":{"line":10,"column":null}}},"1":{"name":"TreeNode","decl":{"start":{"line":5,"column":2},"end":{"line":5,"column":14}},"loc":{"start":{"line":5,"column":75},"end":{"line":9,"column":3}}}},"branchMap":{"0":{"loc":{"start":{"line":6,"column":15},"end":{"line":6,"column":41}},"type":"cond-expr","locations":[{"start":{"line":6,"column":34},"end":{"line":6,"column":35}},{"start":{"line":6,"column":38},"end":{"line":6,"column":41}}]},"1":{"loc":{"start":{"line":7,"column":16},"end":{"line":7,"column":47}},"type":"cond-expr","locations":[{"start":{"line":7,"column":36},"end":{"line":7,"column":40}},{"start":{"line":7,"column":43},"end":{"line":7,"column":47}}]},"2":{"loc":{"start":{"line":8,"column":17},"end":{"line":8,"column":50}},"type":"cond-expr","locations":[{"start":{"line":8,"column":38},"end":{"line":8,"column":42}},{"start":{"line":8,"column":45},"end":{"line":8,"column":50}}]}},"s":{"0":0,"1":0,"2":0,"3":0,"4":0,"5":0},"f":{"0":0,"1":0},"b":{"0":[0,0],"1":[0,0],"2":[0,0]}}
,"/private/var/www/AlgoExplorer/leetcode_daily/1662. Check If Two String Array are Equivalent/solution.ts": {"path":"/private/var/www/AlgoExplorer/leetcode_daily/1662. Check If Two String Array are Equivalent/solution.ts","statementMap":{"0":{"start":{"line":3,"column":22},"end":{"line":3,"column":23}},"1":{"start":{"line":3,"column":39},"end":{"line":3,"column":40}},"2":{"start":{"line":4,"column":22},"end":{"line":4,"column":23}},"3":{"start":{"line":4,"column":39},"end":{"line":4,"column":40}},"4":{"start":{"line":6,"column":4},"end":{"line":18,"column":null}},"5":{"start":{"line":7,"column":8},"end":{"line":9,"column":null}},"6":{"start":{"line":8,"column":12},"end":{"line":8,"column":25}},"7":{"start":{"line":10,"column":8},"end":{"line":13,"column":null}},"8":{"start":{"line":11,"column":12},"end":{"line":11,"column":18}},"9":{"start":{"line":12,"column":12},"end":{"line":12,"column":20}},"10":{"start":{"line":14,"column":8},"end":{"line":17,"column":null}},"11":{"start":{"line":15,"column":12},"end":{"line":15,"column":18}},"12":{"start":{"line":16,"column":12},"end":{"line":16,"column":20}},"13":{"start":{"line":20,"column":4},"end":{"line":20,"column":56}},"14":{"start":{"line":2,"column":0},"end":{"line":2,"column":16}},"15":{"start":{"line":25,"column":17},"end":{"line":25,"column":31}},"16":{"start":{"line":26,"column":17},"end":{"line":26,"column":31}},"17":{"start":{"line":28,"column":4},"end":{"line":28,"column":24}},"18":{"start":{"line":24,"column":0},"end":{"line":24,"column":16}}},"fnMap":{"0":{"name":"arrayStringsAreEqual","decl":{"start":{"line":2,"column":16},"end":{"line":2,"column":36}},"loc":{"start":{"line":2,"column":69},"end":{"line":21,"column":1}}},"1":{"name":"arrayStringsAreEqualNaive","decl":{"start":{"line":24,"column":16},"end":{"line":24,"column":41}},"loc":{"start":{"line":24,"column":74},"end":{"line":29,"column":1}}}},"branchMap":{"0":{"loc":{"start":{"line":6,"column":11},"end":{"line":6,"column":51}},"type":"binary-expr","locations":[{"start":{"line":6,"column":11},"end":{"line":6,"column":29}},{"start":{"line":6,"column":33},"end":{"line":6,"column":51}}]},"1":{"loc":{"start":{"line":7,"column":8},"end":{"line":9,"column":null}},"type":"if","locations":[{"start":{"line":7,"column":8},"end":{"line":9,"column":null}}]},"2":{"loc":{"start":{"line":10,"column":8},"end":{"line":13,"column":null}},"type":"if","locations":[{"start":{"line":10,"column":8},"end":{"line":13,"column":null}}]},"3":{"loc":{"start":{"line":14,"column":8},"end":{"line":17,"column":null}},"type":"if","locations":[{"start":{"line":14,"column":8},"end":{"line":17,"column":null}}]},"4":{"loc":{"start":{"line":20,"column":11},"end":{"line":20,"column":55}},"type":"binary-expr","locations":[{"start":{"line":20,"column":11},"end":{"line":20,"column":31}},{"start":{"line":20,"column":35},"end":{"line":20,"column":55}}]}},"s":{"0":4,"1":4,"2":4,"3":4,"4":4,"5":16,"6":1,"7":15,"8":8,"9":8,"10":15,"11":5,"12":5,"13":3,"14":1,"15":4,"16":4,"17":4,"18":1},"f":{"0":4,"1":4},"b":{"0":[19,16],"1":[1],"2":[8],"3":[5],"4":[3,3]}}
,"/private/var/www/AlgoExplorer/utils/performance.ts": {"path":"/private/var/www/AlgoExplorer/utils/performance.ts","statementMap":{"0":{"start":{"line":1,"column":73},"end":{"line":1,"column":87}},"1":{"start":{"line":2,"column":18},"end":{"line":2,"column":35}},"2":{"start":{"line":3,"column":4},"end":{"line":3,"column":22}},"3":{"start":{"line":4,"column":16},"end":{"line":4,"column":33}},"4":{"start":{"line":5,"column":4},"end":{"line":5,"column":44}},"5":{"start":{"line":1,"column":0},"end":{"line":1,"column":16}}},"fnMap":{"0":{"name":"measureExecutionTime","decl":{"start":{"line":1,"column":16},"end":{"line":1,"column":36}},"loc":{"start":{"line":1,"column":71},"end":{"line":6,"column":1}}}},"branchMap":{},"s":{"0":4,"1":2,"2":2,"3":2,"4":2,"5":1},"f":{"0":2},"b":{}}
}
